2012/12/16 07:48:28 [error] [exception.CHttpException.404] exception 'CHttpException' with message 'Unable to resolve the request "api/list".' in D:\Workspace\github\prj\jsmvc\code\backbone\framework\web\CWebApplication.php:287
Stack trace:
#0 D:\Workspace\github\prj\jsmvc\code\backbone\framework\web\CWebApplication.php(142): CWebApplication->runController('api/list')
#1 D:\Workspace\github\prj\jsmvc\code\backbone\framework\base\CApplication.php(162): CWebApplication->processRequest()
#2 D:\Workspace\github\prj\jsmvc\code\backbone\index.php(13): CApplication->run()
#3 {main}
REQUEST_URI=/github/prj/jsmvc/code/backbone/index.php/api/list
---
2012/12/16 07:48:45 [error] [exception.CHttpException.404] exception 'CHttpException' with message 'Unable to resolve the request "api/list".' in D:\Workspace\github\prj\jsmvc\code\backbone\framework\web\CWebApplication.php:287
Stack trace:
#0 D:\Workspace\github\prj\jsmvc\code\backbone\framework\web\CWebApplication.php(142): CWebApplication->runController('api/list')
#1 D:\Workspace\github\prj\jsmvc\code\backbone\framework\base\CApplication.php(162): CWebApplication->processRequest()
#2 D:\Workspace\github\prj\jsmvc\code\backbone\index.php(13): CApplication->run()
#3 {main}
REQUEST_URI=/github/prj/jsmvc/code/backbone/index.php/api/agents
---
2012/12/16 07:49:00 [error] [exception.CHttpException.404] exception 'CHttpException' with message 'Unable to resolve the request "api/list".' in D:\Workspace\github\prj\jsmvc\code\backbone\framework\web\CWebApplication.php:287
Stack trace:
#0 D:\Workspace\github\prj\jsmvc\code\backbone\framework\web\CWebApplication.php(142): CWebApplication->runController('api/list')
#1 D:\Workspace\github\prj\jsmvc\code\backbone\framework\base\CApplication.php(162): CWebApplication->processRequest()
#2 D:\Workspace\github\prj\jsmvc\code\backbone\index.php(13): CApplication->run()
#3 {main}
REQUEST_URI=/github/prj/jsmvc/code/backbone/index.php/api/agents
---
2012/12/16 07:49:18 [error] [exception.CHttpException.404] exception 'CHttpException' with message 'Unable to resolve the request "model/list".' in D:\Workspace\github\prj\jsmvc\code\backbone\framework\web\CWebApplication.php:287
Stack trace:
#0 D:\Workspace\github\prj\jsmvc\code\backbone\framework\web\CWebApplication.php(142): CWebApplication->runController('model/list')
#1 D:\Workspace\github\prj\jsmvc\code\backbone\framework\base\CApplication.php(162): CWebApplication->processRequest()
#2 D:\Workspace\github\prj\jsmvc\code\backbone\index.php(13): CApplication->run()
#3 {main}
REQUEST_URI=/github/prj/jsmvc/code/backbone/index.php/api/agents
---
2012/12/16 07:49:24 [error] [exception.CHttpException.404] exception 'CHttpException' with message 'Unable to resolve the request "agents/list".' in D:\Workspace\github\prj\jsmvc\code\backbone\framework\web\CWebApplication.php:287
Stack trace:
#0 D:\Workspace\github\prj\jsmvc\code\backbone\framework\web\CWebApplication.php(142): CWebApplication->runController('agents/list')
#1 D:\Workspace\github\prj\jsmvc\code\backbone\framework\base\CApplication.php(162): CWebApplication->processRequest()
#2 D:\Workspace\github\prj\jsmvc\code\backbone\index.php(13): CApplication->run()
#3 {main}
REQUEST_URI=/github/prj/jsmvc/code/backbone/index.php/api/agents
---
2012/12/16 07:49:49 [error] [exception.CHttpException.404] exception 'CHttpException' with message 'Unable to resolve the request "api/agents".' in D:\Workspace\github\prj\jsmvc\code\backbone\framework\web\CWebApplication.php:287
Stack trace:
#0 D:\Workspace\github\prj\jsmvc\code\backbone\framework\web\CWebApplication.php(142): CWebApplication->runController('api/agents')
#1 D:\Workspace\github\prj\jsmvc\code\backbone\framework\base\CApplication.php(162): CWebApplication->processRequest()
#2 D:\Workspace\github\prj\jsmvc\code\backbone\index.php(13): CApplication->run()
#3 {main}
REQUEST_URI=/github/prj/jsmvc/code/backbone/index.php/api/agents
---
2012/12/16 07:49:56 [error] [exception.CHttpException.404] exception 'CHttpException' with message 'Unable to resolve the request "agents/list".' in D:\Workspace\github\prj\jsmvc\code\backbone\framework\web\CWebApplication.php:287
Stack trace:
#0 D:\Workspace\github\prj\jsmvc\code\backbone\framework\web\CWebApplication.php(142): CWebApplication->runController('agents/list')
#1 D:\Workspace\github\prj\jsmvc\code\backbone\framework\base\CApplication.php(162): CWebApplication->processRequest()
#2 D:\Workspace\github\prj\jsmvc\code\backbone\index.php(13): CApplication->run()
#3 {main}
REQUEST_URI=/github/prj/jsmvc/code/backbone/index.php/agents
---
2012/12/16 07:50:08 [error] [exception.CHttpException.404] exception 'CHttpException' with message 'Unable to resolve the request "agents/listAll".' in D:\Workspace\github\prj\jsmvc\code\backbone\framework\web\CWebApplication.php:287
Stack trace:
#0 D:\Workspace\github\prj\jsmvc\code\backbone\framework\web\CWebApplication.php(142): CWebApplication->runController('agents/listAll')
#1 D:\Workspace\github\prj\jsmvc\code\backbone\framework\base\CApplication.php(162): CWebApplication->processRequest()
#2 D:\Workspace\github\prj\jsmvc\code\backbone\index.php(13): CApplication->run()
#3 {main}
REQUEST_URI=/github/prj/jsmvc/code/backbone/index.php/agents
---
2012/12/16 07:50:35 [error] [exception.CHttpException.404] exception 'CHttpException' with message 'Unable to resolve the request "agents/listAll".' in D:\Workspace\github\prj\jsmvc\code\backbone\framework\web\CWebApplication.php:287
Stack trace:
#0 D:\Workspace\github\prj\jsmvc\code\backbone\framework\web\CWebApplication.php(142): CWebApplication->runController('agents/listAll')
#1 D:\Workspace\github\prj\jsmvc\code\backbone\framework\base\CApplication.php(162): CWebApplication->processRequest()
#2 D:\Workspace\github\prj\jsmvc\code\backbone\index.php(13): CApplication->run()
#3 {main}
REQUEST_URI=/github/prj/jsmvc/code/backbone/index.php/agents
---
2012/12/16 07:50:37 [error] [exception.CHttpException.404] exception 'CHttpException' with message 'Unable to resolve the request "agents/listAll".' in D:\Workspace\github\prj\jsmvc\code\backbone\framework\web\CWebApplication.php:287
Stack trace:
#0 D:\Workspace\github\prj\jsmvc\code\backbone\framework\web\CWebApplication.php(142): CWebApplication->runController('agents/listAll')
#1 D:\Workspace\github\prj\jsmvc\code\backbone\framework\base\CApplication.php(162): CWebApplication->processRequest()
#2 D:\Workspace\github\prj\jsmvc\code\backbone\index.php(13): CApplication->run()
#3 {main}
REQUEST_URI=/github/prj/jsmvc/code/backbone/index.php/agents
---
2012/12/16 07:50:44 [error] [exception.CHttpException.404] exception 'CHttpException' with message 'Unable to resolve the request "agents/listAll".' in D:\Workspace\github\prj\jsmvc\code\backbone\framework\web\CWebApplication.php:287
Stack trace:
#0 D:\Workspace\github\prj\jsmvc\code\backbone\framework\web\CWebApplication.php(142): CWebApplication->runController('agents/listAll')
#1 D:\Workspace\github\prj\jsmvc\code\backbone\framework\base\CApplication.php(162): CWebApplication->processRequest()
#2 D:\Workspace\github\prj\jsmvc\code\backbone\index.php(13): CApplication->run()
#3 {main}
REQUEST_URI=/github/prj/jsmvc/code/backbone/index.php/agents
---
2012/12/16 07:50:49 [error] [exception.CHttpException.404] exception 'CHttpException' with message 'Unable to resolve the request "agents/list".' in D:\Workspace\github\prj\jsmvc\code\backbone\framework\web\CWebApplication.php:287
Stack trace:
#0 D:\Workspace\github\prj\jsmvc\code\backbone\framework\web\CWebApplication.php(142): CWebApplication->runController('agents/list')
#1 D:\Workspace\github\prj\jsmvc\code\backbone\framework\base\CApplication.php(162): CWebApplication->processRequest()
#2 D:\Workspace\github\prj\jsmvc\code\backbone\index.php(13): CApplication->run()
#3 {main}
REQUEST_URI=/github/prj/jsmvc/code/backbone/index.php/agents/12
---
2012/12/16 07:51:08 [error] [exception.CHttpException.404] exception 'CHttpException' with message 'Unable to resolve the request "agents/listSome".' in D:\Workspace\github\prj\jsmvc\code\backbone\framework\web\CWebApplication.php:287
Stack trace:
#0 D:\Workspace\github\prj\jsmvc\code\backbone\framework\web\CWebApplication.php(142): CWebApplication->runController('agents/listSome')
#1 D:\Workspace\github\prj\jsmvc\code\backbone\framework\base\CApplication.php(162): CWebApplication->processRequest()
#2 D:\Workspace\github\prj\jsmvc\code\backbone\index.php(13): CApplication->run()
#3 {main}
REQUEST_URI=/github/prj/jsmvc/code/backbone/index.php/agents/12
---
2012/12/16 07:51:46 [error] [exception.CHttpException.404] exception 'CHttpException' with message 'Unable to resolve the request "agents/listSome&id=12".' in D:\Workspace\github\prj\jsmvc\code\backbone\framework\web\CWebApplication.php:287
Stack trace:
#0 D:\Workspace\github\prj\jsmvc\code\backbone\framework\web\CWebApplication.php(142): CWebApplication->runController('agents/listSome...')
#1 D:\Workspace\github\prj\jsmvc\code\backbone\framework\base\CApplication.php(162): CWebApplication->processRequest()
#2 D:\Workspace\github\prj\jsmvc\code\backbone\index.php(13): CApplication->run()
#3 {main}
REQUEST_URI=/github/prj/jsmvc/code/backbone/index.php/agents/12
---
2012/12/16 07:51:50 [error] [exception.CHttpException.404] exception 'CHttpException' with message 'Unable to resolve the request "agents/listSome&id=12".' in D:\Workspace\github\prj\jsmvc\code\backbone\framework\web\CWebApplication.php:287
Stack trace:
#0 D:\Workspace\github\prj\jsmvc\code\backbone\framework\web\CWebApplication.php(142): CWebApplication->runController('agents/listSome...')
#1 D:\Workspace\github\prj\jsmvc\code\backbone\framework\base\CApplication.php(162): CWebApplication->processRequest()
#2 D:\Workspace\github\prj\jsmvc\code\backbone\index.php(13): CApplication->run()
#3 {main}
REQUEST_URI=/github/prj/jsmvc/code/backbone/index.php/agents/12
---
2012/12/16 07:51:51 [error] [exception.CHttpException.404] exception 'CHttpException' with message 'Unable to resolve the request "agents/listSome&id=12".' in D:\Workspace\github\prj\jsmvc\code\backbone\framework\web\CWebApplication.php:287
Stack trace:
#0 D:\Workspace\github\prj\jsmvc\code\backbone\framework\web\CWebApplication.php(142): CWebApplication->runController('agents/listSome...')
#1 D:\Workspace\github\prj\jsmvc\code\backbone\framework\base\CApplication.php(162): CWebApplication->processRequest()
#2 D:\Workspace\github\prj\jsmvc\code\backbone\index.php(13): CApplication->run()
#3 {main}
REQUEST_URI=/github/prj/jsmvc/code/backbone/index.php/agents/12
---
2012/12/16 07:52:11 [error] [exception.CHttpException.404] exception 'CHttpException' with message 'Unable to resolve the request "agents/12|112".' in D:\Workspace\github\prj\jsmvc\code\backbone\framework\web\CWebApplication.php:287
Stack trace:
#0 D:\Workspace\github\prj\jsmvc\code\backbone\framework\web\CWebApplication.php(142): CWebApplication->runController('agents/12|112')
#1 D:\Workspace\github\prj\jsmvc\code\backbone\framework\base\CApplication.php(162): CWebApplication->processRequest()
#2 D:\Workspace\github\prj\jsmvc\code\backbone\index.php(13): CApplication->run()
#3 {main}
REQUEST_URI=/github/prj/jsmvc/code/backbone/index.php/agents/12%7C112
---
2012/12/16 07:54:21 [error] [exception.CHttpException.404] exception 'CHttpException' with message 'Unable to resolve the request "agents/12|112".' in D:\Workspace\github\prj\jsmvc\code\backbone\framework\web\CWebApplication.php:287
Stack trace:
#0 D:\Workspace\github\prj\jsmvc\code\backbone\framework\web\CWebApplication.php(142): CWebApplication->runController('agents/12|112')
#1 D:\Workspace\github\prj\jsmvc\code\backbone\framework\base\CApplication.php(162): CWebApplication->processRequest()
#2 D:\Workspace\github\prj\jsmvc\code\backbone\index.php(13): CApplication->run()
#3 {main}
REQUEST_URI=/github/prj/jsmvc/code/backbone/index.php/agents/12%7C112
---
2012/12/16 07:58:06 [error] [exception.CHttpException.404] exception 'CHttpException' with message 'Unable to resolve the request "agents/12|112".' in D:\Workspace\github\prj\jsmvc\code\backbone\framework\web\CWebApplication.php:287
Stack trace:
#0 D:\Workspace\github\prj\jsmvc\code\backbone\framework\web\CWebApplication.php(142): CWebApplication->runController('agents/12|112')
#1 D:\Workspace\github\prj\jsmvc\code\backbone\framework\base\CApplication.php(162): CWebApplication->processRequest()
#2 D:\Workspace\github\prj\jsmvc\code\backbone\index.php(13): CApplication->run()
#3 {main}
REQUEST_URI=/github/prj/jsmvc/code/backbone/index.php/agents/12%7C112
---
2012/12/16 07:58:21 [error] [exception.CHttpException.404] exception 'CHttpException' with message 'Unable to resolve the request "agents/12|112".' in D:\Workspace\github\prj\jsmvc\code\backbone\framework\web\CWebApplication.php:287
Stack trace:
#0 D:\Workspace\github\prj\jsmvc\code\backbone\framework\web\CWebApplication.php(142): CWebApplication->runController('agents/12|112')
#1 D:\Workspace\github\prj\jsmvc\code\backbone\framework\base\CApplication.php(162): CWebApplication->processRequest()
#2 D:\Workspace\github\prj\jsmvc\code\backbone\index.php(13): CApplication->run()
#3 {main}
REQUEST_URI=/github/prj/jsmvc/code/backbone/index.php/agents/12%7C112
---
2012/12/16 07:58:31 [error] [exception.CHttpException.404] exception 'CHttpException' with message 'Unable to resolve the request "agents/12|112".' in D:\Workspace\github\prj\jsmvc\code\backbone\framework\web\CWebApplication.php:287
Stack trace:
#0 D:\Workspace\github\prj\jsmvc\code\backbone\framework\web\CWebApplication.php(142): CWebApplication->runController('agents/12|112')
#1 D:\Workspace\github\prj\jsmvc\code\backbone\framework\base\CApplication.php(162): CWebApplication->processRequest()
#2 D:\Workspace\github\prj\jsmvc\code\backbone\index.php(13): CApplication->run()
#3 {main}
REQUEST_URI=/github/prj/jsmvc/code/backbone/index.php/agents/12%7C112
---
2012/12/16 07:58:35 [error] [exception.CHttpException.404] exception 'CHttpException' with message 'Unable to resolve the request "agents/12|112".' in D:\Workspace\github\prj\jsmvc\code\backbone\framework\web\CWebApplication.php:287
Stack trace:
#0 D:\Workspace\github\prj\jsmvc\code\backbone\framework\web\CWebApplication.php(142): CWebApplication->runController('agents/12|112')
#1 D:\Workspace\github\prj\jsmvc\code\backbone\framework\base\CApplication.php(162): CWebApplication->processRequest()
#2 D:\Workspace\github\prj\jsmvc\code\backbone\index.php(13): CApplication->run()
#3 {main}
REQUEST_URI=/github/prj/jsmvc/code/backbone/index.php/agents/12%7C112
---
2012/12/16 07:58:50 [error] [exception.CHttpException.404] exception 'CHttpException' with message 'Unable to resolve the request "agents/12|112".' in D:\Workspace\github\prj\jsmvc\code\backbone\framework\web\CWebApplication.php:287
Stack trace:
#0 D:\Workspace\github\prj\jsmvc\code\backbone\framework\web\CWebApplication.php(142): CWebApplication->runController('agents/12|112')
#1 D:\Workspace\github\prj\jsmvc\code\backbone\framework\base\CApplication.php(162): CWebApplication->processRequest()
#2 D:\Workspace\github\prj\jsmvc\code\backbone\index.php(13): CApplication->run()
#3 {main}
REQUEST_URI=/github/prj/jsmvc/code/backbone/index.php/agents/12%7C112
---
2012/12/16 07:59:02 [error] [exception.CHttpException.404] exception 'CHttpException' with message 'Unable to resolve the request "agents/12|112".' in D:\Workspace\github\prj\jsmvc\code\backbone\framework\web\CWebApplication.php:287
Stack trace:
#0 D:\Workspace\github\prj\jsmvc\code\backbone\framework\web\CWebApplication.php(142): CWebApplication->runController('agents/12|112')
#1 D:\Workspace\github\prj\jsmvc\code\backbone\framework\base\CApplication.php(162): CWebApplication->processRequest()
#2 D:\Workspace\github\prj\jsmvc\code\backbone\index.php(13): CApplication->run()
#3 {main}
REQUEST_URI=/github/prj/jsmvc/code/backbone/index.php/agents/12%7C112
---
2012/12/16 07:59:31 [error] [exception.CHttpException.404] exception 'CHttpException' with message 'Unable to resolve the request "gii/listAll".' in D:\Workspace\github\prj\jsmvc\code\backbone\framework\web\CWebApplication.php:287
Stack trace:
#0 D:\Workspace\github\prj\jsmvc\code\backbone\framework\web\CWebApplication.php(142): CWebApplication->runController('gii/listAll')
#1 D:\Workspace\github\prj\jsmvc\code\backbone\framework\base\CApplication.php(162): CWebApplication->processRequest()
#2 D:\Workspace\github\prj\jsmvc\code\backbone\index.php(13): CApplication->run()
#3 {main}
REQUEST_URI=/github/prj/jsmvc/code/backbone/index.php/gii
---
2012/12/16 08:00:30 [error] [exception.CHttpException.404] exception 'CHttpException' with message 'Unable to resolve the request "gii".' in D:\Workspace\github\prj\jsmvc\code\backbone\framework\web\CWebApplication.php:287
Stack trace:
#0 D:\Workspace\github\prj\jsmvc\code\backbone\framework\web\CWebApplication.php(142): CWebApplication->runController('gii')
#1 D:\Workspace\github\prj\jsmvc\code\backbone\framework\base\CApplication.php(162): CWebApplication->processRequest()
#2 D:\Workspace\github\prj\jsmvc\code\backbone\index.php(13): CApplication->run()
#3 {main}
REQUEST_URI=/github/prj/jsmvc/code/backbone/index.php/gii
---
2012/12/16 08:00:31 [error] [exception.CHttpException.404] exception 'CHttpException' with message 'Unable to resolve the request "gii".' in D:\Workspace\github\prj\jsmvc\code\backbone\framework\web\CWebApplication.php:287
Stack trace:
#0 D:\Workspace\github\prj\jsmvc\code\backbone\framework\web\CWebApplication.php(142): CWebApplication->runController('gii')
#1 D:\Workspace\github\prj\jsmvc\code\backbone\framework\base\CApplication.php(162): CWebApplication->processRequest()
#2 D:\Workspace\github\prj\jsmvc\code\backbone\index.php(13): CApplication->run()
#3 {main}
REQUEST_URI=/github/prj/jsmvc/code/backbone/index.php/gii
---
2012/12/16 08:20:21 [error] [exception.CHttpException.404] exception 'CHttpException' with message 'The system is unable to find the requested action "listOne&id=1".' in D:\Workspace\github\prj\jsmvc\code\backbone\framework\web\CController.php:484
Stack trace:
#0 D:\Workspace\github\prj\jsmvc\code\backbone\framework\web\CController.php(271): CController->missingAction('listOne&id=1')
#1 D:\Workspace\github\prj\jsmvc\code\backbone\framework\web\CWebApplication.php(283): CController->run('listOne&id=1')
#2 D:\Workspace\github\prj\jsmvc\code\backbone\framework\web\CWebApplication.php(142): CWebApplication->runController('agents/listOne&...')
#3 D:\Workspace\github\prj\jsmvc\code\backbone\framework\base\CApplication.php(162): CWebApplication->processRequest()
#4 D:\Workspace\github\prj\jsmvc\code\backbone\index.php(13): CApplication->run()
#5 {main}
REQUEST_URI=/github/prj/jsmvc/code/backbone/index.php/api/agents/1
---
2012/12/16 08:20:42 [error] [exception.CHttpException.404] exception 'CHttpException' with message 'The system is unable to find the requested action "listOne&id=1".' in D:\Workspace\github\prj\jsmvc\code\backbone\framework\web\CController.php:484
Stack trace:
#0 D:\Workspace\github\prj\jsmvc\code\backbone\framework\web\CController.php(271): CController->missingAction('listOne&id=1')
#1 D:\Workspace\github\prj\jsmvc\code\backbone\framework\web\CWebApplication.php(283): CController->run('listOne&id=1')
#2 D:\Workspace\github\prj\jsmvc\code\backbone\framework\web\CWebApplication.php(142): CWebApplication->runController('agents/listOne&...')
#3 D:\Workspace\github\prj\jsmvc\code\backbone\framework\base\CApplication.php(162): CWebApplication->processRequest()
#4 D:\Workspace\github\prj\jsmvc\code\backbone\index.php(13): CApplication->run()
#5 {main}
REQUEST_URI=/github/prj/jsmvc/code/backbone/index.php/api/agents/1
---
2012/12/16 08:21:33 [error] [php] Undefined variable: id (D:\Workspace\github\prj\jsmvc\code\backbone\protected\controllers\AgentsController.php:18)
Stack trace:
#0 D:\Workspace\github\prj\jsmvc\code\backbone\framework\web\CController.php(287): AgentsController->runAction()
#1 D:\Workspace\github\prj\jsmvc\code\backbone\framework\web\CController.php(266): AgentsController->runActionWithFilters()
#2 D:\Workspace\github\prj\jsmvc\code\backbone\framework\web\CWebApplication.php(283): AgentsController->run()
#3 D:\Workspace\github\prj\jsmvc\code\backbone\framework\web\CWebApplication.php(142): CWebApplication->runController()
#4 D:\Workspace\github\prj\jsmvc\code\backbone\framework\base\CApplication.php(162): CWebApplication->processRequest()
#5 D:\Workspace\github\prj\jsmvc\code\backbone\index.php(13): CWebApplication->run()
REQUEST_URI=/github/prj/jsmvc/code/backbone/index.php/api/agents/1
in D:\Workspace\github\prj\jsmvc\code\backbone\protected\controllers\AgentsController.php (18)
in D:\Workspace\github\prj\jsmvc\code\backbone\index.php (13)
2012/12/16 08:21:43 [error] [exception.CHttpException.400] exception 'CHttpException' with message 'Your request is invalid.' in D:\Workspace\github\prj\jsmvc\code\backbone\framework\web\CController.php:337
Stack trace:
#0 D:\Workspace\github\prj\jsmvc\code\backbone\framework\web\CController.php(310): CController->invalidActionParams(Object(CInlineAction))
#1 D:\Workspace\github\prj\jsmvc\code\backbone\framework\web\CController.php(287): CController->runAction(Object(CInlineAction))
#2 D:\Workspace\github\prj\jsmvc\code\backbone\framework\web\CController.php(266): CController->runActionWithFilters(Object(CInlineAction), Array)
#3 D:\Workspace\github\prj\jsmvc\code\backbone\framework\web\CWebApplication.php(283): CController->run('listOne')
#4 D:\Workspace\github\prj\jsmvc\code\backbone\framework\web\CWebApplication.php(142): CWebApplication->runController('agents/listOne/...')
#5 D:\Workspace\github\prj\jsmvc\code\backbone\framework\base\CApplication.php(162): CWebApplication->processRequest()
#6 D:\Workspace\github\prj\jsmvc\code\backbone\index.php(13): CApplication->run()
#7 {main}
REQUEST_URI=/github/prj/jsmvc/code/backbone/index.php/api/agents/1
---
2012/12/16 08:21:52 [error] [exception.CException] exception 'CException' with message 'AdaAgent and its behaviors do not have a method or closure named "findOne".' in D:\Workspace\github\prj\jsmvc\code\backbone\framework\base\CComponent.php:266
Stack trace:
#0 D:\Workspace\github\prj\jsmvc\code\backbone\framework\db\ar\CActiveRecord.php(226): CComponent->__call('findOne', Array)
#1 D:\Workspace\github\prj\jsmvc\code\backbone\protected\controllers\AgentsController.php(18): CActiveRecord->__call('findOne', Array)
#2 D:\Workspace\github\prj\jsmvc\code\backbone\protected\controllers\AgentsController.php(18): AdaAgent->findOne('1')
#3 [internal function]: AgentsController->actionListOne('1')
#4 D:\Workspace\github\prj\jsmvc\code\backbone\framework\web\actions\CAction.php(107): ReflectionMethod->invokeArgs(Object(AgentsController), Array)
#5 D:\Workspace\github\prj\jsmvc\code\backbone\framework\web\actions\CInlineAction.php(48): CAction->runWithParamsInternal(Object(AgentsController), Object(ReflectionMethod), Array)
#6 D:\Workspace\github\prj\jsmvc\code\backbone\framework\web\CController.php(309): CInlineAction->runWithParams(Array)
#7 D:\Workspace\github\prj\jsmvc\code\backbone\framework\web\CController.php(287): CController->runAction(Object(CInlineAction))
#8 D:\Workspace\github\prj\jsmvc\code\backbone\framework\web\CController.php(266): CController->runActionWithFilters(Object(CInlineAction), Array)
#9 D:\Workspace\github\prj\jsmvc\code\backbone\framework\web\CWebApplication.php(283): CController->run('listOne')
#10 D:\Workspace\github\prj\jsmvc\code\backbone\framework\web\CWebApplication.php(142): CWebApplication->runController('agents/listOne/...')
#11 D:\Workspace\github\prj\jsmvc\code\backbone\framework\base\CApplication.php(162): CWebApplication->processRequest()
#12 D:\Workspace\github\prj\jsmvc\code\backbone\index.php(13): CApplication->run()
#13 {main}
REQUEST_URI=/github/prj/jsmvc/code/backbone/index.php/api/agents/1
---
2012/12/16 08:22:22 [error] [exception.CException] exception 'CException' with message 'Property "CDbCriteria.agent_id" is not defined.' in D:\Workspace\github\prj\jsmvc\code\backbone\framework\base\CComponent.php:174
Stack trace:
#0 D:\Workspace\github\prj\jsmvc\code\backbone\framework\db\schema\CDbCriteria.php(161): CComponent->__set('agent_id', '1')
#1 D:\Workspace\github\prj\jsmvc\code\backbone\framework\db\schema\CDbCommandBuilder.php(462): CDbCriteria->__construct(Array)
#2 D:\Workspace\github\prj\jsmvc\code\backbone\framework\db\ar\CActiveRecord.php(1395): CDbCommandBuilder->createCriteria(Array, Array)
#3 D:\Workspace\github\prj\jsmvc\code\backbone\protected\controllers\AgentsController.php(20): CActiveRecord->find(Array)
#4 [internal function]: AgentsController->actionListOne('1')
#5 D:\Workspace\github\prj\jsmvc\code\backbone\framework\web\actions\CAction.php(107): ReflectionMethod->invokeArgs(Object(AgentsController), Array)
#6 D:\Workspace\github\prj\jsmvc\code\backbone\framework\web\actions\CInlineAction.php(48): CAction->runWithParamsInternal(Object(AgentsController), Object(ReflectionMethod), Array)
#7 D:\Workspace\github\prj\jsmvc\code\backbone\framework\web\CController.php(309): CInlineAction->runWithParams(Array)
#8 D:\Workspace\github\prj\jsmvc\code\backbone\framework\web\CController.php(287): CController->runAction(Object(CInlineAction))
#9 D:\Workspace\github\prj\jsmvc\code\backbone\framework\web\CController.php(266): CController->runActionWithFilters(Object(CInlineAction), Array)
#10 D:\Workspace\github\prj\jsmvc\code\backbone\framework\web\CWebApplication.php(283): CController->run('listOne')
#11 D:\Workspace\github\prj\jsmvc\code\backbone\framework\web\CWebApplication.php(142): CWebApplication->runController('agents/listOne/...')
#12 D:\Workspace\github\prj\jsmvc\code\backbone\framework\base\CApplication.php(162): CWebApplication->processRequest()
#13 D:\Workspace\github\prj\jsmvc\code\backbone\index.php(13): CApplication->run()
#14 {main}
REQUEST_URI=/github/prj/jsmvc/code/backbone/index.php/api/agents/1
---
2012/12/16 08:23:55 [error] [exception.CException] exception 'CException' with message 'Property "CDbCriteria.agent_id" is not defined.' in D:\Workspace\github\prj\jsmvc\code\backbone\framework\base\CComponent.php:174
Stack trace:
#0 D:\Workspace\github\prj\jsmvc\code\backbone\framework\db\schema\CDbCriteria.php(161): CComponent->__set('agent_id', '1')
#1 D:\Workspace\github\prj\jsmvc\code\backbone\framework\db\schema\CDbCommandBuilder.php(462): CDbCriteria->__construct(Array)
#2 D:\Workspace\github\prj\jsmvc\code\backbone\framework\db\ar\CActiveRecord.php(1409): CDbCommandBuilder->createCriteria(Array, Array)
#3 D:\Workspace\github\prj\jsmvc\code\backbone\protected\controllers\AgentsController.php(20): CActiveRecord->findAll(Array)
#4 [internal function]: AgentsController->actionListOne('1')
#5 D:\Workspace\github\prj\jsmvc\code\backbone\framework\web\actions\CAction.php(107): ReflectionMethod->invokeArgs(Object(AgentsController), Array)
#6 D:\Workspace\github\prj\jsmvc\code\backbone\framework\web\actions\CInlineAction.php(48): CAction->runWithParamsInternal(Object(AgentsController), Object(ReflectionMethod), Array)
#7 D:\Workspace\github\prj\jsmvc\code\backbone\framework\web\CController.php(309): CInlineAction->runWithParams(Array)
#8 D:\Workspace\github\prj\jsmvc\code\backbone\framework\web\CController.php(287): CController->runAction(Object(CInlineAction))
#9 D:\Workspace\github\prj\jsmvc\code\backbone\framework\web\CController.php(266): CController->runActionWithFilters(Object(CInlineAction), Array)
#10 D:\Workspace\github\prj\jsmvc\code\backbone\framework\web\CWebApplication.php(283): CController->run('listOne')
#11 D:\Workspace\github\prj\jsmvc\code\backbone\framework\web\CWebApplication.php(142): CWebApplication->runController('agents/listOne/...')
#12 D:\Workspace\github\prj\jsmvc\code\backbone\framework\base\CApplication.php(162): CWebApplication->processRequest()
#13 D:\Workspace\github\prj\jsmvc\code\backbone\index.php(13): CApplication->run()
#14 {main}
REQUEST_URI=/github/prj/jsmvc/code/backbone/index.php/api/agents/1
---
2012/12/16 11:05:54 [error] [exception.CHttpException.404] exception 'CHttpException' with message 'Unable to resolve the request "api/agents/1".' in D:\Workspace\github\prj\jsmvc\code\backbone\framework\web\CWebApplication.php:287
Stack trace:
#0 D:\Workspace\github\prj\jsmvc\code\backbone\framework\web\CWebApplication.php(142): CWebApplication->runController('api/agents/1')
#1 D:\Workspace\github\prj\jsmvc\code\backbone\framework\base\CApplication.php(162): CWebApplication->processRequest()
#2 D:\Workspace\github\prj\jsmvc\code\backbone\index.php(13): CApplication->run()
#3 {main}
REQUEST_URI=/github/prj/jsmvc/code/backbone/index.php/api/agents/1
HTTP_REFERER=http://localhost/github/prj/jsmvc/code/backbone/app.html
---
2012/12/16 11:07:01 [error] [exception.CHttpException.404] exception 'CHttpException' with message 'Unable to resolve the request "api/agents/1".' in D:\Workspace\github\prj\jsmvc\code\backbone\framework\web\CWebApplication.php:287
Stack trace:
#0 D:\Workspace\github\prj\jsmvc\code\backbone\framework\web\CWebApplication.php(142): CWebApplication->runController('api/agents/1')
#1 D:\Workspace\github\prj\jsmvc\code\backbone\framework\base\CApplication.php(162): CWebApplication->processRequest()
#2 D:\Workspace\github\prj\jsmvc\code\backbone\index.php(13): CApplication->run()
#3 {main}
REQUEST_URI=/github/prj/jsmvc/code/backbone/index.php/api/agents/1
HTTP_REFERER=http://localhost/github/prj/jsmvc/code/backbone/app.html
---
2012/12/16 11:07:09 [error] [exception.CHttpException.404] exception 'CHttpException' with message 'Unable to resolve the request "api/agents/1".' in D:\Workspace\github\prj\jsmvc\code\backbone\framework\web\CWebApplication.php:287
Stack trace:
#0 D:\Workspace\github\prj\jsmvc\code\backbone\framework\web\CWebApplication.php(142): CWebApplication->runController('api/agents/1')
#1 D:\Workspace\github\prj\jsmvc\code\backbone\framework\base\CApplication.php(162): CWebApplication->processRequest()
#2 D:\Workspace\github\prj\jsmvc\code\backbone\index.php(13): CApplication->run()
#3 {main}
REQUEST_URI=/github/prj/jsmvc/code/backbone/index.php/api/agents/1
HTTP_REFERER=http://localhost/github/prj/jsmvc/code/backbone/app.html
---
2012/12/16 11:07:14 [error] [exception.CHttpException.404] exception 'CHttpException' with message 'Unable to resolve the request "api/agents/1".' in D:\Workspace\github\prj\jsmvc\code\backbone\framework\web\CWebApplication.php:287
Stack trace:
#0 D:\Workspace\github\prj\jsmvc\code\backbone\framework\web\CWebApplication.php(142): CWebApplication->runController('api/agents/1')
#1 D:\Workspace\github\prj\jsmvc\code\backbone\framework\base\CApplication.php(162): CWebApplication->processRequest()
#2 D:\Workspace\github\prj\jsmvc\code\backbone\index.php(13): CApplication->run()
#3 {main}
REQUEST_URI=/github/prj/jsmvc/code/backbone/index.php/api/agents/1
HTTP_REFERER=http://localhost/github/prj/jsmvc/code/backbone/app.html
---
2012/12/16 11:09:00 [error] [php] Undefined index: model (D:\Workspace\github\prj\jsmvc\code\backbone\protected\controllers\AgentsController.php:7)
Stack trace:
#0 D:\Workspace\github\prj\jsmvc\code\backbone\framework\web\CController.php(287): AgentsController->runAction()
#1 D:\Workspace\github\prj\jsmvc\code\backbone\framework\web\CController.php(266): AgentsController->runActionWithFilters()
#2 D:\Workspace\github\prj\jsmvc\code\backbone\framework\web\CWebApplication.php(283): AgentsController->run()
#3 D:\Workspace\github\prj\jsmvc\code\backbone\framework\web\CWebApplication.php(142): CWebApplication->runController()
#4 D:\Workspace\github\prj\jsmvc\code\backbone\framework\base\CApplication.php(162): CWebApplication->processRequest()
#5 D:\Workspace\github\prj\jsmvc\code\backbone\index.php(13): CWebApplication->run()
REQUEST_URI=/github/prj/jsmvc/code/backbone/index.php/api/agents/2
in D:\Workspace\github\prj\jsmvc\code\backbone\protected\controllers\AgentsController.php (7)
in D:\Workspace\github\prj\jsmvc\code\backbone\index.php (13)
2012/12/16 11:09:18 [error] [exception.CException] exception 'CException' with message 'AgentsController and its behaviors do not have a method or closure named "_sendResponse".' in D:\Workspace\github\prj\jsmvc\code\backbone\framework\base\CComponent.php:266
Stack trace:
#0 D:\Workspace\github\prj\jsmvc\code\backbone\protected\controllers\AgentsController.php(7): CComponent->__call('_sendResponse', Array)
#1 D:\Workspace\github\prj\jsmvc\code\backbone\protected\controllers\AgentsController.php(7): AgentsController->_sendResponse(501)
#2 D:\Workspace\github\prj\jsmvc\code\backbone\framework\web\actions\CInlineAction.php(50): AgentsController->actionDelete()
#3 D:\Workspace\github\prj\jsmvc\code\backbone\framework\web\CController.php(309): CInlineAction->runWithParams(Array)
#4 D:\Workspace\github\prj\jsmvc\code\backbone\framework\web\CController.php(287): CController->runAction(Object(CInlineAction))
#5 D:\Workspace\github\prj\jsmvc\code\backbone\framework\web\CController.php(266): CController->runActionWithFilters(Object(CInlineAction), Array)
#6 D:\Workspace\github\prj\jsmvc\code\backbone\framework\web\CWebApplication.php(283): CController->run('delete')
#7 D:\Workspace\github\prj\jsmvc\code\backbone\framework\web\CWebApplication.php(142): CWebApplication->runController('agents/delete')
#8 D:\Workspace\github\prj\jsmvc\code\backbone\framework\base\CApplication.php(162): CWebApplication->processRequest()
#9 D:\Workspace\github\prj\jsmvc\code\backbone\index.php(13): CApplication->run()
#10 {main}
REQUEST_URI=/github/prj/jsmvc/code/backbone/index.php/api/agents/1
HTTP_REFERER=http://localhost/github/prj/jsmvc/code/backbone/app.html
---
